f:\codes\projects\academic\computergraphic\alightvkgl\alightvkgl\x64\debug\vc142.pdb
f:\codes\projects\academic\computergraphic\alightvkgl\alightvkgl\x64\debug\vc142.idb
f:\codes\projects\academic\computergraphic\alightvkgl\alightvkgl\x64\debug\project.obj
f:\codes\projects\academic\computergraphic\alightvkgl\alightvkgl\x64\debug\output.obj
f:\codes\projects\academic\computergraphic\alightvkgl\alightvkgl\x64\debug\object.obj
f:\codes\projects\academic\computergraphic\alightvkgl\alightvkgl\x64\debug\mainuilayout.obj
f:\codes\projects\academic\computergraphic\alightvkgl\alightvkgl\x64\debug\main.obj
f:\codes\projects\academic\computergraphic\alightvkgl\alightvkgl\x64\debug\input.obj
f:\codes\projects\academic\computergraphic\alightvkgl\alightvkgl\x64\debug\imgui_widgets.obj
f:\codes\projects\academic\computergraphic\alightvkgl\alightvkgl\x64\debug\imgui_impl_opengl3.obj
f:\codes\projects\academic\computergraphic\alightvkgl\alightvkgl\x64\debug\imgui_impl_glfw.obj
f:\codes\projects\academic\computergraphic\alightvkgl\alightvkgl\x64\debug\imgui_draw.obj
f:\codes\projects\academic\computergraphic\alightvkgl\alightvkgl\x64\debug\imgui_demo.obj
f:\codes\projects\academic\computergraphic\alightvkgl\alightvkgl\x64\debug\imgui.obj
f:\codes\projects\academic\computergraphic\alightvkgl\alightvkgl\x64\debug\hierarchy.obj
f:\codes\projects\academic\computergraphic\alightvkgl\alightvkgl\x64\debug\glrenderer.obj
f:\codes\projects\academic\computergraphic\alightvkgl\alightvkgl\x64\debug\imsequencer.obj
f:\codes\projects\academic\computergraphic\alightvkgl\alightvkgl\x64\debug\imguizmo.obj
f:\codes\projects\academic\computergraphic\alightvkgl\alightvkgl\x64\debug\imgradient.obj
f:\codes\projects\academic\computergraphic\alightvkgl\alightvkgl\x64\debug\imcurveedit.obj
f:\codes\projects\academic\computergraphic\alightvkgl\alightvkgl\x64\debug\engine.obj
f:\codes\projects\academic\computergraphic\alightvkgl\alightvkgl\x64\debug\camera.obj
f:\codes\projects\academic\computergraphic\alightvkgl\alightvkgl\x64\debug\window.obj
f:\codes\projects\academic\computergraphic\alightvkgl\alightvkgl\x64\debug\vkrenderer.obj
f:\codes\projects\academic\computergraphic\alightvkgl\alightvkgl\x64\debug\viewport.obj
f:\codes\projects\academic\computergraphic\alightvkgl\alightvkgl\x64\debug\transform.obj
f:\codes\projects\academic\computergraphic\alightvkgl\alightvkgl\x64\debug\scene.obj
f:\codes\projects\academic\computergraphic\alightvkgl\alightvkgl\x64\debug\renderer.obj
f:\codes\projects\academic\computergraphic\alightvkgl\alightvkgl\x64\debug\property.obj
f:\codes\projects\academic\computergraphic\alightvkgl\alightvkgl\x64\debug\glad.obj
f:\codes\projects\academic\computergraphic\alightvkgl\x64\debug\alightvkgl.exe
f:\codes\projects\academic\computergraphic\alightvkgl\x64\debug\alightvkgl.ilk
f:\codes\projects\academic\computergraphic\alightvkgl\x64\debug\alightvkgl.pdb
f:\codes\projects\academic\computergraphic\alightvkgl\alightvkgl\x64\debug\alightvkgl.tlog\cl.command.1.tlog
f:\codes\projects\academic\computergraphic\alightvkgl\alightvkgl\x64\debug\alightvkgl.tlog\cl.read.1.tlog
f:\codes\projects\academic\computergraphic\alightvkgl\alightvkgl\x64\debug\alightvkgl.tlog\cl.write.1.tlog
f:\codes\projects\academic\computergraphic\alightvkgl\alightvkgl\x64\debug\alightvkgl.tlog\link.command.1.tlog
f:\codes\projects\academic\computergraphic\alightvkgl\alightvkgl\x64\debug\alightvkgl.tlog\link.read.1.tlog
f:\codes\projects\academic\computergraphic\alightvkgl\alightvkgl\x64\debug\alightvkgl.tlog\link.write.1.tlog
