f:\codes\projects\academic\computergraphic\alightrenderercomplex\alight-raycpu\x64\debug\vc142.pdb
f:\codes\projects\academic\computergraphic\alightrenderercomplex\alight-raycpu\x64\debug\vc142.idb
f:\codes\projects\academic\computergraphic\alightrenderercomplex\alight-raycpu\x64\debug\scene.obj
f:\codes\projects\academic\computergraphic\alightrenderercomplex\alight-raycpu\x64\debug\mesh.obj
f:\codes\projects\academic\computergraphic\alightrenderercomplex\alight-raycpu\x64\debug\main.obj
f:\codes\projects\academic\computergraphic\alightrenderercomplex\alight-raycpu\x64\debug\engine.obj
f:\codes\projects\academic\computergraphic\alightrenderercomplex\alight-raycpu\x64\debug\display.obj
f:\codes\projects\academic\computergraphic\alightrenderercomplex\alight-raycpu\x64\debug\alight-raycpu.obj
f:\codes\projects\academic\computergraphic\alightrenderercomplex\x64\debug\alight-raycpu.pdb
f:\codes\projects\academic\computergraphic\alightrenderercomplex\alight-raycpu\x64\debug\alight-raycpu.tlog\cl.command.1.tlog
f:\codes\projects\academic\computergraphic\alightrenderercomplex\alight-raycpu\x64\debug\alight-raycpu.tlog\cl.read.1.tlog
f:\codes\projects\academic\computergraphic\alightrenderercomplex\alight-raycpu\x64\debug\alight-raycpu.tlog\cl.write.1.tlog
f:\codes\projects\academic\computergraphic\alightrenderercomplex\alight-raycpu\x64\debug\alight-raycpu.tlog\link-cvtres.read.1.tlog
f:\codes\projects\academic\computergraphic\alightrenderercomplex\alight-raycpu\x64\debug\alight-raycpu.tlog\link-cvtres.write.1.tlog
f:\codes\projects\academic\computergraphic\alightrenderercomplex\alight-raycpu\x64\debug\alight-raycpu.tlog\link-rc.read.1.tlog
f:\codes\projects\academic\computergraphic\alightrenderercomplex\alight-raycpu\x64\debug\alight-raycpu.tlog\link-rc.write.1.tlog
f:\codes\projects\academic\computergraphic\alightrenderercomplex\alight-raycpu\x64\debug\alight-raycpu.tlog\link.85712-cvtres.read.1.tlog
f:\codes\projects\academic\computergraphic\alightrenderercomplex\alight-raycpu\x64\debug\alight-raycpu.tlog\link.85712-cvtres.write.1.tlog
f:\codes\projects\academic\computergraphic\alightrenderercomplex\alight-raycpu\x64\debug\alight-raycpu.tlog\link.85712-rc.read.1.tlog
f:\codes\projects\academic\computergraphic\alightrenderercomplex\alight-raycpu\x64\debug\alight-raycpu.tlog\link.85712-rc.write.1.tlog
f:\codes\projects\academic\computergraphic\alightrenderercomplex\alight-raycpu\x64\debug\alight-raycpu.tlog\link.85712.read.1.tlog
f:\codes\projects\academic\computergraphic\alightrenderercomplex\alight-raycpu\x64\debug\alight-raycpu.tlog\link.85712.write.1.tlog
f:\codes\projects\academic\computergraphic\alightrenderercomplex\alight-raycpu\x64\debug\alight-raycpu.tlog\link.command.1.tlog
f:\codes\projects\academic\computergraphic\alightrenderercomplex\alight-raycpu\x64\debug\alight-raycpu.tlog\link.read.1.tlog
f:\codes\projects\academic\computergraphic\alightrenderercomplex\alight-raycpu\x64\debug\alight-raycpu.tlog\link.write.1.tlog
