f:\codes\projects\academic\computergraphic\alightrenderercomplex\alight-raycpu\x64\debug\alight-raycpu.pdb
f:\codes\projects\academic\computergraphic\alightrenderercomplex\alight-raycpu\x64\debug\alight-raycpu.idb
f:\codes\projects\academic\computergraphic\alightrenderercomplex\alight-raycpu\x64\debug\raycpurenderer.obj
f:\codes\projects\academic\computergraphic\alightrenderercomplex\x64\debug\alight-raycpu.lib
f:\codes\projects\academic\computergraphic\alightrenderercomplex\alight-raycpu\x64\debug\vc142.idb
f:\codes\projects\academic\computergraphic\alightrenderercomplex\alight-raycpu\x64\debug\vc142.pdb
f:\codes\projects\academic\computergraphic\alightrenderercomplex\x64\debug\alight-raycpu.pdb
f:\codes\projects\academic\computergraphic\alightrenderercomplex\alight-raycpu\x64\debug\alight-raycpu.tlog\cl.command.1.tlog
f:\codes\projects\academic\computergraphic\alightrenderercomplex\alight-raycpu\x64\debug\alight-raycpu.tlog\cl.read.1.tlog
f:\codes\projects\academic\computergraphic\alightrenderercomplex\alight-raycpu\x64\debug\alight-raycpu.tlog\cl.write.1.tlog
f:\codes\projects\academic\computergraphic\alightrenderercomplex\alight-raycpu\x64\debug\alight-raycpu.tlog\lib-link.read.1.tlog
f:\codes\projects\academic\computergraphic\alightrenderercomplex\alight-raycpu\x64\debug\alight-raycpu.tlog\lib-link.write.1.tlog
f:\codes\projects\academic\computergraphic\alightrenderercomplex\alight-raycpu\x64\debug\alight-raycpu.tlog\lib.command.1.tlog
f:\codes\projects\academic\computergraphic\alightrenderercomplex\alight-raycpu\x64\debug\alight-raycpu.tlog\link.131108-cvtres.read.1.tlog
f:\codes\projects\academic\computergraphic\alightrenderercomplex\alight-raycpu\x64\debug\alight-raycpu.tlog\link.131108-cvtres.write.1.tlog
f:\codes\projects\academic\computergraphic\alightrenderercomplex\alight-raycpu\x64\debug\alight-raycpu.tlog\link.131108-rc.read.1.tlog
f:\codes\projects\academic\computergraphic\alightrenderercomplex\alight-raycpu\x64\debug\alight-raycpu.tlog\link.131108-rc.write.1.tlog
f:\codes\projects\academic\computergraphic\alightrenderercomplex\alight-raycpu\x64\debug\alight-raycpu.tlog\link.131108.read.1.tlog
f:\codes\projects\academic\computergraphic\alightrenderercomplex\alight-raycpu\x64\debug\alight-raycpu.tlog\link.131108.write.1.tlog
f:\codes\projects\academic\computergraphic\alightrenderercomplex\alight-raycpu\x64\debug\alight-raycpu.tlog\link.command.1.tlog
f:\codes\projects\academic\computergraphic\alightrenderercomplex\alight-raycpu\x64\debug\alight-raycpu.tlog\link.read.1.tlog
f:\codes\projects\academic\computergraphic\alightrenderercomplex\alight-raycpu\x64\debug\alight-raycpu.tlog\link.write.1.tlog
