f:\codes\projects\academic\computergraphic\alightrenderercomplex\alight-opengl\x64\debug\alight-opengl.pdb
f:\codes\projects\academic\computergraphic\alightrenderercomplex\alight-opengl\x64\debug\alight-opengl.idb
f:\codes\projects\academic\computergraphic\alightrenderercomplex\alight-opengl\x64\debug\glrenderer.obj
f:\codes\projects\academic\computergraphic\alightrenderercomplex\x64\debug\alight-opengl.lib
f:\codes\projects\academic\computergraphic\alightrenderercomplex\alight-opengl\x64\debug\vc142.idb
f:\codes\projects\academic\computergraphic\alightrenderercomplex\alight-opengl\x64\debug\vc142.pdb
f:\codes\projects\academic\computergraphic\alightrenderercomplex\x64\debug\alight-opengl.pdb
f:\codes\projects\academic\computergraphic\alightrenderercomplex\alight-opengl\x64\debug\alight-opengl.tlog\cl.command.1.tlog
f:\codes\projects\academic\computergraphic\alightrenderercomplex\alight-opengl\x64\debug\alight-opengl.tlog\cl.read.1.tlog
f:\codes\projects\academic\computergraphic\alightrenderercomplex\alight-opengl\x64\debug\alight-opengl.tlog\cl.write.1.tlog
f:\codes\projects\academic\computergraphic\alightrenderercomplex\alight-opengl\x64\debug\alight-opengl.tlog\lib-link.read.1.tlog
f:\codes\projects\academic\computergraphic\alightrenderercomplex\alight-opengl\x64\debug\alight-opengl.tlog\lib-link.write.1.tlog
f:\codes\projects\academic\computergraphic\alightrenderercomplex\alight-opengl\x64\debug\alight-opengl.tlog\lib.command.1.tlog
f:\codes\projects\academic\computergraphic\alightrenderercomplex\alight-opengl\x64\debug\alight-opengl.tlog\link-cvtres.read.1.tlog
f:\codes\projects\academic\computergraphic\alightrenderercomplex\alight-opengl\x64\debug\alight-opengl.tlog\link-cvtres.write.1.tlog
f:\codes\projects\academic\computergraphic\alightrenderercomplex\alight-opengl\x64\debug\alight-opengl.tlog\link-rc.read.1.tlog
f:\codes\projects\academic\computergraphic\alightrenderercomplex\alight-opengl\x64\debug\alight-opengl.tlog\link-rc.write.1.tlog
f:\codes\projects\academic\computergraphic\alightrenderercomplex\alight-opengl\x64\debug\alight-opengl.tlog\link.command.1.tlog
f:\codes\projects\academic\computergraphic\alightrenderercomplex\alight-opengl\x64\debug\alight-opengl.tlog\link.read.1.tlog
f:\codes\projects\academic\computergraphic\alightrenderercomplex\alight-opengl\x64\debug\alight-opengl.tlog\link.write.1.tlog
