C:\Program Files (x86)\Microsoft Visual Studio\2019\Community\MSBuild\Microsoft\VC\v160\Microsoft.CppBuild.targets(452,5): warning MSB8028: The intermediate directory (x64\Release\) contains files shared from another project (ALightVKGL.vcxproj).  This can lead to incorrect clean and rebuild behavior.
  BufferRenderer.cpp
  MainUILayout.cpp
F:\Codes\Projects\Academic\ComputerGraphic\ALightRendererComplex\ALight-Raster\Point.h(10,24): warning C4244:  “初始化”: 从“T”转换到“int”，可能丢失数据
F:\Codes\Projects\Academic\ComputerGraphic\ALightRendererComplex\ALight-Raster\Point.h(10,24): warning C4244:         with
F:\Codes\Projects\Academic\ComputerGraphic\ALightRendererComplex\ALight-Raster\Point.h(10,24): warning C4244:         [
F:\Codes\Projects\Academic\ComputerGraphic\ALightRendererComplex\ALight-Raster\Point.h(10,24): warning C4244:             T=float
F:\Codes\Projects\Academic\ComputerGraphic\ALightRendererComplex\ALight-Raster\Point.h(10,24): warning C4244:         ]
F:\Codes\Projects\Academic\ComputerGraphic\ALightRendererComplex\ALight-Raster\Point.h(10,32): warning C4244:  “初始化”: 从“T”转换到“int”，可能丢失数据
F:\Codes\Projects\Academic\ComputerGraphic\ALightRendererComplex\ALight-Raster\Point.h(10,32): warning C4244:         with
F:\Codes\Projects\Academic\ComputerGraphic\ALightRendererComplex\ALight-Raster\Point.h(10,32): warning C4244:         [
F:\Codes\Projects\Academic\ComputerGraphic\ALightRendererComplex\ALight-Raster\Point.h(10,32): warning C4244:             T=float
F:\Codes\Projects\Academic\ComputerGraphic\ALightRendererComplex\ALight-Raster\Point.h(10,32): warning C4244:         ]
F:\Codes\Projects\Academic\ComputerGraphic\ALightRendererComplex\ALightCreator\MainUILayout.cpp(65,94): warning C4312:  “reinterpret_cast”: 从“GLuint”转换到更大的“void *”
F:\Codes\Projects\Academic\ComputerGraphic\ALightRendererComplex\ALightCreator\MainUILayout.cpp(70,4): warning C4312:  “reinterpret_cast”: 从“GLuint”转换到更大的“void *”
F:\Codes\Projects\Academic\ComputerGraphic\ALightRendererComplex\ALightCreator\MainUILayout.cpp(78,5): warning C4312:  “reinterpret_cast”: 从“GLuint”转换到更大的“void *”
F:\Codes\Projects\Academic\ComputerGraphic\ALightRendererComplex\ALightCreator\MainUILayout.cpp(86,5): warning C4312:  “reinterpret_cast”: 从“GLuint”转换到更大的“void *”
F:\Codes\Projects\Academic\ComputerGraphic\ALightRendererComplex\ALightCreator\MainUILayout.cpp(93,58): warning C4312:  “reinterpret_cast”: 从“GLuint”转换到更大的“void *”
F:\Codes\Projects\Academic\ComputerGraphic\ALightRendererComplex\ALightCreator\MainUILayout.cpp(98,58): warning C4312:  “reinterpret_cast”: 从“GLuint”转换到更大的“void *”
F:\Codes\Projects\Academic\ComputerGraphic\ALightRendererComplex\ALightCreator\MainUILayout.cpp(107,94): warning C4312:  “reinterpret_cast”: 从“GLuint”转换到更大的“void *”
F:\Codes\Projects\Academic\ComputerGraphic\ALightRendererComplex\ALightCreator\MainUILayout.cpp(108,94): warning C4312:  “reinterpret_cast”: 从“GLuint”转换到更大的“void *”
F:\Codes\Projects\Academic\ComputerGraphic\ALightRendererComplex\ALightCreator\MainUILayout.cpp(109,94): warning C4312:  “reinterpret_cast”: 从“GLuint”转换到更大的“void *”
  正在生成代码
  877 of 3160 functions (27.8%) were compiled, the rest were copied from previous compilation.
    629 functions were new in current compilation
    154 functions had inline decision re-evaluated but remain unchanged
  已完成代码的生成
  ALightCreator.vcxproj -> F:\Codes\Projects\Academic\ComputerGraphic\ALightRendererComplex\x64\Release\ALightCreator.exe
