  Camera.cpp
  Engine.cpp
F:\Codes\Projects\Academic\ComputerGraphic\ALightVKGL\ALightVKGL\Camera.h(4,10): error C1083:  无法打开包括文件: “glm/mat4x4.hpp”: No such file or directory
  ImCurveEdit.cpp
  ImGradient.cpp
  ImGuizmo.cpp
  ImSequencer.cpp
  GLRenderer.cpp
F:\Codes\Projects\Academic\ComputerGraphic\ALightVKGL\ALightVKGL\Scene.h(3,10): error C1083:  无法打开包括文件: “glm/vec3.hpp”: No such file or directory
  Hierarchy.cpp
F:\Codes\Projects\Academic\ComputerGraphic\ALightVKGL\ALightVKGL\GLRenderer.h(2,10): error C1083:  无法打开包括文件: “glad/glad.h”: No such file or directory
  imgui.cpp
  imgui_demo.cpp
  imgui_draw.cpp
  imgui_impl_glfw.cpp
F:\Codes\Projects\Academic\ComputerGraphic\ALightVKGL\ALightVKGL\GLRenderer.h(2,10): error C1083:  无法打开包括文件: “glad/glad.h”: No such file or directory
  imgui_impl_opengl3.cpp
F:\Codes\Projects\Academic\ComputerGraphic\ALightVKGL\ALightVKGL\imgui\imgui_impl_glfw.cpp(43,10): error C1083:  无法打开包括文件: “GLFW/glfw3.h”: No such file or directory
  imgui_widgets.cpp
  Input.cpp
F:\Codes\Projects\Academic\ComputerGraphic\ALightVKGL\ALightVKGL\imgui\imgui_impl_opengl3.cpp(107,10): error C1083:  无法打开包括文件: “glad/glad.h”: No such file or directory
  main.cpp
F:\Codes\Projects\Academic\ComputerGraphic\ALightVKGL\ALightVKGL\Window.h(16,10): error C1083:  无法打开包括文件: “glad/glad.h”: No such file or directory
  MainUILayout.cpp
F:\Codes\Projects\Academic\ComputerGraphic\ALightVKGL\ALightVKGL\Window.h(16,10): error C1083:  无法打开包括文件: “glad/glad.h”: No such file or directory
  Object.cpp
F:\Codes\Projects\Academic\ComputerGraphic\ALightVKGL\ALightVKGL\GLRenderer.h(2,10): error C1083:  无法打开包括文件: “glad/glad.h”: No such file or directory
  Output.cpp
F:\Codes\Projects\Academic\ComputerGraphic\ALightVKGL\ALightVKGL\Transform.h(3,10): error C1083:  无法打开包括文件: “glm/vec3.hpp”: No such file or directory
  Project.cpp
F:\Codes\Projects\Academic\ComputerGraphic\ALightVKGL\ALightVKGL\GLRenderer.h(2,10): error C1083:  无法打开包括文件: “glad/glad.h”: No such file or directory
  正在编译...
  Property.cpp
F:\Codes\Projects\Academic\ComputerGraphic\ALightVKGL\ALightVKGL\GLRenderer.h(2,10): error C1083:  无法打开包括文件: “glad/glad.h”: No such file or directory
  Renderer.cpp
  Scene.cpp
F:\Codes\Projects\Academic\ComputerGraphic\ALightVKGL\ALightVKGL\GLRenderer.h(2,10): error C1083:  无法打开包括文件: “glad/glad.h”: No such file or directory
  Transform.cpp
F:\Codes\Projects\Academic\ComputerGraphic\ALightVKGL\ALightVKGL\Scene.h(3,10): error C1083:  无法打开包括文件: “glm/vec3.hpp”: No such file or directory
  Viewport.cpp
F:\Codes\Projects\Academic\ComputerGraphic\ALightVKGL\ALightVKGL\Transform.h(3,10): error C1083:  无法打开包括文件: “glm/vec3.hpp”: No such file or directory
  VKRenderer.cpp
  Window.cpp
F:\Codes\Projects\Academic\ComputerGraphic\ALightVKGL\ALightVKGL\GLRenderer.h(2,10): error C1083:  无法打开包括文件: “glad/glad.h”: No such file or directory
F:\Codes\Projects\Academic\ComputerGraphic\ALightVKGL\ALightVKGL\Window.h(16,10): error C1083:  无法打开包括文件: “glad/glad.h”: No such file or directory
