f:\codes\projects\academic\computergraphic\alightrenderercomplex\alightcreator\x64\debug\vc142.pdb
f:\codes\projects\academic\computergraphic\alightrenderercomplex\alightcreator\x64\debug\vc142.idb
f:\codes\projects\academic\computergraphic\alightrenderercomplex\alightcreator\x64\debug\main.obj
f:\codes\projects\academic\computergraphic\alightrenderercomplex\alightcreator\x64\debug\input.obj
f:\codes\projects\academic\computergraphic\alightrenderercomplex\alightcreator\x64\debug\engine.obj
f:\codes\projects\academic\computergraphic\alightrenderercomplex\alightcreator\x64\debug\application.obj
f:\codes\projects\academic\computergraphic\alightrenderercomplex\alightcreator\x64\debug\viewport.obj
f:\codes\projects\academic\computergraphic\alightrenderercomplex\alightcreator\x64\debug\inspector.obj
f:\codes\projects\academic\computergraphic\alightrenderercomplex\alightcreator\x64\debug\mainuilayout.obj
f:\codes\projects\academic\computergraphic\alightrenderercomplex\alightcreator\x64\debug\project.obj
f:\codes\projects\academic\computergraphic\alightrenderercomplex\alightcreator\x64\debug\console.obj
f:\codes\projects\academic\computergraphic\alightrenderercomplex\alightcreator\x64\debug\hierarchy.obj
f:\codes\projects\academic\computergraphic\alightrenderercomplex\alightcreator\x64\debug\imguizmo.obj
f:\codes\projects\academic\computergraphic\alightrenderercomplex\alightcreator\x64\debug\editor.obj
f:\codes\projects\academic\computergraphic\alightrenderercomplex\alightcreator\x64\debug\scene.obj
f:\codes\projects\academic\computergraphic\alightrenderercomplex\alightcreator\x64\debug\glad.obj
f:\codes\projects\academic\computergraphic\alightrenderercomplex\alightcreator\x64\debug\bufferrenderer.obj
f:\codes\projects\academic\computergraphic\alightrenderercomplex\x64\debug\alightcreator.exe
f:\codes\projects\academic\computergraphic\alightrenderercomplex\x64\debug\alightcreator.ilk
f:\codes\projects\academic\computergraphic\alightrenderercomplex\x64\debug\alightcreator.pdb
f:\codes\projects\academic\computergraphic\alightrenderercomplex\alightcreator\x64\debug\camera.obj
f:\codes\projects\academic\computergraphic\alightrenderercomplex\alightcreator\x64\debug\imcurveedit.obj
f:\codes\projects\academic\computergraphic\alightrenderercomplex\alightcreator\x64\debug\imgradient.obj
f:\codes\projects\academic\computergraphic\alightrenderercomplex\alightcreator\x64\debug\imgui.obj
f:\codes\projects\academic\computergraphic\alightrenderercomplex\alightcreator\x64\debug\imgui_demo.obj
f:\codes\projects\academic\computergraphic\alightrenderercomplex\alightcreator\x64\debug\imgui_draw.obj
f:\codes\projects\academic\computergraphic\alightrenderercomplex\alightcreator\x64\debug\imgui_impl_glfw.obj
f:\codes\projects\academic\computergraphic\alightrenderercomplex\alightcreator\x64\debug\imgui_impl_opengl3.obj
f:\codes\projects\academic\computergraphic\alightrenderercomplex\alightcreator\x64\debug\imgui_widgets.obj
f:\codes\projects\academic\computergraphic\alightrenderercomplex\alightcreator\x64\debug\imsequencer.obj
f:\codes\projects\academic\computergraphic\alightrenderercomplex\alightcreator\x64\debug\light.obj
f:\codes\projects\academic\computergraphic\alightrenderercomplex\alightcreator\x64\debug\object.obj
f:\codes\projects\academic\computergraphic\alightrenderercomplex\alightcreator\x64\debug\transform.obj
f:\codes\projects\academic\computergraphic\alightrenderercomplex\alightcreator\x64\debug\alightcreator.tlog\cl.command.1.tlog
f:\codes\projects\academic\computergraphic\alightrenderercomplex\alightcreator\x64\debug\alightcreator.tlog\cl.read.1.tlog
f:\codes\projects\academic\computergraphic\alightrenderercomplex\alightcreator\x64\debug\alightcreator.tlog\cl.write.1.tlog
f:\codes\projects\academic\computergraphic\alightrenderercomplex\alightcreator\x64\debug\alightcreator.tlog\link.command.1.tlog
f:\codes\projects\academic\computergraphic\alightrenderercomplex\alightcreator\x64\debug\alightcreator.tlog\link.read.1.tlog
f:\codes\projects\academic\computergraphic\alightrenderercomplex\alightcreator\x64\debug\alightcreator.tlog\link.write.1.tlog
